生成启动时间为 2016/10/7 14:51:48。
     1>项目“D:\ybk\devlop\testlist\testlist\testlist.vcxproj”在节点 2 上(build 个目标)。
     1>InitializeBuildStatus:
         正在创建“Debug\testlist.unsuccessfulbuild”，因为已指定“AlwaysCreate”。
       ClCompile:
         所有输出均为最新。
         D:\Program Files\Microsoft Visual Studio 10.0\VC\bin\CL.exe /c /ZI /nologo /W3 /WX- /Od /Oy- /D WIN32 /D _WINDOWS /D _DEBUG /D _UNICODE /D UNICODE /D _AFXDLL /Gm /EHsc /RTC1 /MDd /GS /fp:precise /Zc:wchar_t /Zc:forScope /Yu"StdAfx.h" /Fp"Debug\testlist.pch" /Fo"Debug\\" /Fd"Debug\vc100.pdb" /Gd /TP /analyze- /errorReport:prompt testlistDlg.cpp
         testlistDlg.cpp
     1>d:\ybk\devlop\testlist\testlist\testlistdlg.cpp(143): error C2660: “CWnd::OnDeleteItem”: 函数不接受 0 个参数
     1>d:\ybk\devlop\testlist\testlist\testlistdlg.cpp(145): error C2146: 语法错误: 缺少“;”(在标识符“ShowWindow”的前面)
     1>已完成生成项目“D:\ybk\devlop\testlist\testlist\testlist.vcxproj”(build 个目标)的操作 - 失败。

生成失败。

已用时间 00:00:01.33
